#
# There is insufficient memory for the Java Runtime Environment to continue.
# Native memory allocation (malloc) failed to allocate 95536 bytes. Error detail: Chunk::new
# Possible reasons:
#   The system is out of physical RAM or swap space
#   This process is running with CompressedOops enabled, and the Java Heap may be blocking the growth of the native heap
# Possible solutions:
#   Reduce memory load on the system
#   Increase physical memory or swap space
#   Check if swap backing store is full
#   Decrease Java heap size (-Xmx/-Xms)
#   Decrease number of Java threads
#   Decrease Java thread stack sizes (-Xss)
#   Set larger code cache with -XX:ReservedCodeCacheSize=
#   JVM is running with Unscaled Compressed Oops mode in which the Java heap is
#     placed in the first 4GB address space. The Java Heap base address is the
#     maximum limit for the native heap growth. Please use -XX:HeapBaseMinAddress
#     to set the Java Heap base and to place the Java Heap above 4GB virtual address.
# This output file may be truncated or incomplete.
#
#  Out of Memory Error (arena.cpp:168), pid=21028, tid=6812
#
# JRE version: OpenJDK Runtime Environment Temurin-21.0.11+10 (21.0.11+10) (build 21.0.11+10-LTS)
# Java VM: OpenJDK 64-Bit Server VM Temurin-21.0.11+10 (21.0.11+10-LTS, mixed mode, sharing, tiered, compressed oops, compressed class ptrs, parallel gc, windows-amd64)
# No core dump will be written. Minidumps are not enabled by default on client versions of Windows
#

---------------  S U M M A R Y ------------

Command Line: --add-modules=ALL-SYSTEM --add-opens=java.base/java.util=ALL-UNNAMED --add-opens=java.base/java.lang=ALL-UNNAMED --add-opens=java.base/sun.nio.fs=ALL-UNNAMED -Declipse.application=org.eclipse.jdt.ls.core.id1 -Dosgi.bundles.defaultStartLevel=4 -Declipse.product=org.eclipse.jdt.ls.core.product -Djava.import.generatesMetadataFilesAtProjectRoot=false -DDetectVMInstallationsJob.disabled=true -Dfile.encoding=utf8 -XX:+UseParallelGC -XX:GCTimeRatio=4 -XX:AdaptiveSizePolicyWeight=90 -Dsun.zip.disableMemoryMapping=true -Xmx2G -Xms100m -Xlog:disable -javaagent:c:\Users\rethi\.antigravity-ide\extensions\redhat.java-1.55.0-win32-x64\lombok\lombok-1.18.39-4050.jar -XX:+HeapDumpOnOutOfMemoryError -XX:HeapDumpPath=c:\Users\rethi\AppData\Roaming\Antigravity IDE\User\workspaceStorage\9c4cbdeb37989bed76c84f7935a2b185\redhat.java -Daether.dependencyCollector.impl=bf c:\Users\rethi\.antigravity-ide\extensions\redhat.java-1.55.0-win32-x64\server\plugins\org.eclipse.equinox.launcher_1.7.200.v20260619-2039.jar -configuration c:\Users\rethi\AppData\Roaming\Antigravity IDE\User\globalStorage\redhat.java\1.55.0\config_win -data c:\Users\rethi\AppData\Roaming\Antigravity IDE\User\workspaceStorage\9c4cbdeb37989bed76c84f7935a2b185\redhat.java\jdt_ws --pipe=\\.\pipe\lsp-ef3e20e37ac08c018b80c3b690d224d1-sock

Host: Intel(R) Core(TM) i5-10300H CPU @ 2.50GHz, 8 cores, 7G,  Windows 11 , 64 bit Build 26100 (10.0.26100.8737)
Time: Wed Jul 15 16:50:44 2026 India Standard Time elapsed time: 1.624401 seconds (0d 0h 0m 1s)

---------------  T H R E A D  ---------------

Current thread (0x000001adf0b9d4f0):  JavaThread "C2 CompilerThread0" daemon [_thread_in_native, id=6812, stack(0x000000333d200000,0x000000333d300000) (1024K)]


Current CompileTask:
C2:1624  676       4       lombok.patcher.scripts.MethodLevelPatchScript::patch (21 bytes)

Stack: [0x000000333d200000,0x000000333d300000]
Native frames: (J=compiled Java code, j=interpreted, Vv=VM code, C=native code)
V  [jvm.dll+0x6d7e19]
V  [jvm.dll+0x8b5096]
V  [jvm.dll+0x8b764e]
V  [jvm.dll+0x8b7d33]
V  [jvm.dll+0x284596]
V  [jvm.dll+0xc685d]
V  [jvm.dll+0xc6da1]
V  [jvm.dll+0x3bed31]
V  [jvm.dll+0x1e3b4e]
V  [jvm.dll+0x24c853]
V  [jvm.dll+0x24bce0]
V  [jvm.dll+0x1cb4ae]
V  [jvm.dll+0x25baad]
V  [jvm.dll+0x25a03a]
V  [jvm.dll+0x3f868e]
V  [jvm.dll+0x85fb0d]
V  [jvm.dll+0x6d664d]
C  [ucrtbase.dll+0x2cd30]
C  [KERNEL32.DLL+0x2e957]
C  [ntdll.dll+0xaad6c]


---------------  P R O C E S S  ---------------

Threads class SMR info:
_java_thread_list=0x000001adf26e68c0, length=11, elements={
0x000001add7ce9040, 0x000001adda1dc570, 0x000001adf0b96140, 0x000001adf0b98d20,
0x000001adf0b9b900, 0x000001adf0b9a790, 0x000001adf0b9c760, 0x000001adf0b9d4f0,
0x000001adf248dec0, 0x000001adf26badd0, 0x000001adf2733a50
}

Java Threads: ( => current thread )
  0x000001add7ce9040 JavaThread "main"                              [_thread_in_Java, id=2672, stack(0x000000333c800000,0x000000333c900000) (1024K)]
  0x000001adda1dc570 JavaThread "Reference Handler"          daemon [_thread_blocked, id=21924, stack(0x000000333cc00000,0x000000333cd00000) (1024K)]
  0x000001adf0b96140 JavaThread "Finalizer"                  daemon [_thread_blocked, id=4380, stack(0x000000333cd00000,0x000000333ce00000) (1024K)]
  0x000001adf0b98d20 JavaThread "Signal Dispatcher"          daemon [_thread_blocked, id=2368, stack(0x000000333ce00000,0x000000333cf00000) (1024K)]
  0x000001adf0b9b900 JavaThread "Attach Listener"            daemon [_thread_blocked, id=2856, stack(0x000000333cf00000,0x000000333d000000) (1024K)]
  0x000001adf0b9a790 JavaThread "Service Thread"             daemon [_thread_blocked, id=7808, stack(0x000000333d000000,0x000000333d100000) (1024K)]
  0x000001adf0b9c760 JavaThread "Monitor Deflation Thread"   daemon [_thread_blocked, id=21820, stack(0x000000333d100000,0x000000333d200000) (1024K)]
=>0x000001adf0b9d4f0 JavaThread "C2 CompilerThread0"         daemon [_thread_in_native, id=6812, stack(0x000000333d200000,0x000000333d300000) (1024K)]
  0x000001adf248dec0 JavaThread "C1 CompilerThread0"         daemon [_thread_blocked, id=20408, stack(0x000000333d300000,0x000000333d400000) (1024K)]
  0x000001adf26badd0 JavaThread "Common-Cleaner"             daemon [_thread_blocked, id=1776, stack(0x000000333d400000,0x000000333d500000) (1024K)]
  0x000001adf2733a50 JavaThread "Notification Thread"        daemon [_thread_blocked, id=4168, stack(0x000000333d500000,0x000000333d600000) (1024K)]
Total: 11

Other Threads:
  0x000001adda1c0af0 VMThread "VM Thread"                           [id=15764, stack(0x000000333cb00000,0x000000333cc00000) (1024K)]
  0x000001adf0aaba00 WatcherThread "VM Periodic Task Thread"        [id=18348, stack(0x000000333ca00000,0x000000333cb00000) (1024K)]
  0x000001adda13b650 WorkerThread "GC Thread#0"                     [id=22344, stack(0x000000333c900000,0x000000333ca00000) (1024K)]
Total: 3

Threads with active compile tasks:
C2 CompilerThread0  1662  676       4       lombok.patcher.scripts.MethodLevelPatchScript::patch (21 bytes)
Total: 1

VM state: not at safepoint (normal execution)

VM Mutex/Monitor currently owned by a thread: None

Heap address: 0x0000000080000000, size: 2048 MB, Compressed Oops mode: 32-bit

CDS archive(s) mapped at: [0x000001ad80000000-0x000001ad80ba0000-0x000001ad80ba0000), size 12189696, SharedBaseAddress: 0x000001ad80000000, ArchiveRelocationMode: 1.
Compressed class space mapped at: 0x000001ad81000000-0x000001adc1000000, reserved size: 1073741824
Narrow klass base: 0x000001ad80000000, Narrow klass shift: 0, Narrow klass range: 0x100000000

GC Precious Log:
 CardTable entry size: 512
 CPUs: 8 total, 8 available
 Memory: 8023M
 Large Page Support: Disabled
 NUMA Support: Disabled
 Compressed Oops: Enabled (32-bit)
 Alignments: Space 512K, Generation 512K, Heap 2M
 Heap Min Capacity: 100M
 Heap Initial Capacity: 100M
 Heap Max Capacity: 2G
 Pre-touch: Disabled
 Parallel Workers: 8

Heap:
 PSYoungGen      total 29696K, used 20171K [0x00000000d5580000, 0x00000000d7680000, 0x0000000100000000)
  eden space 25600K, 78% used [0x00000000d5580000,0x00000000d6932e70,0x00000000d6e80000)
  from space 4096K, 0% used [0x00000000d7280000,0x00000000d7280000,0x00000000d7680000)
  to   space 4096K, 0% used [0x00000000d6e80000,0x00000000d6e80000,0x00000000d7280000)
 ParOldGen       total 68608K, used 0K [0x0000000080000000, 0x0000000084300000, 0x00000000d5580000)
  object space 68608K, 0% used [0x0000000080000000,0x0000000080000000,0x0000000084300000)
 Metaspace       used 3576K, committed 3840K, reserved 1114112K
  class space    used 391K, committed 512K, reserved 1048576K

Card table byte_map: [0x000001add9ac0000,0x000001add9ed0000] _byte_map_base: 0x000001add96c0000

Marking Bits: (ParMarkBitMap*) 0x00007ff898204460
 Begin Bits: [0x000001adec5d0000, 0x000001adee5d0000)
 End Bits:   [0x000001adee5d0000, 0x000001adf05d0000)

Polling page: 0x000001add82e0000

Metaspace:

Usage:
  Non-class:      3.11 MB used.
      Class:    391.41 KB used.
       Both:      3.49 MB used.

Virtual space:
  Non-class space:       64.00 MB reserved,       3.25 MB (  5%) committed,  1 nodes.
      Class space:        1.00 GB reserved,     512.00 KB ( <1%) committed,  1 nodes.
             Both:        1.06 GB reserved,       3.75 MB ( <1%) committed. 

Chunk freelists:
   Non-Class:  11.45 MB
       Class:  15.47 MB
        Both:  26.93 MB

MaxMetaspaceSize: unlimited
CompressedClassSpaceSize: 1.00 GB
Initial GC threshold: 21.00 MB
Current GC threshold: 21.00 MB
CDS: on
 - commit_granule_bytes: 65536.
 - commit_granule_words: 8192.
 - virtual_space_node_default_size: 8388608.
 - enlarge_chunks_in_place: 1.
 - use_allocation_guard: 0.


Internal statistics:

num_allocs_failed_limit: 0.
num_arena_births: 170.
num_arena_deaths: 0.
num_vsnodes_births: 2.
num_vsnodes_deaths: 0.
num_space_committed: 60.
num_space_uncommitted: 0.
num_chunks_returned_to_freelist: 0.
num_chunks_taken_from_freelist: 215.
num_chunk_merges: 0.
num_chunk_splits: 140.
num_chunks_enlarged: 77.
num_inconsistent_stats: 0.

CodeHeap 'non-profiled nmethods': size=120000Kb used=325Kb max_used=325Kb free=119674Kb
 bounds [0x000001ade4df0000, 0x000001ade5060000, 0x000001adec320000]
CodeHeap 'profiled nmethods': size=120000Kb used=1508Kb max_used=1508Kb free=118491Kb
 bounds [0x000001addd320000, 0x000001addd590000, 0x000001ade4850000]
CodeHeap 'non-nmethods': size=5760Kb used=1190Kb max_used=1210Kb free=4569Kb
 bounds [0x000001ade4850000, 0x000001ade4ac0000, 0x000001ade4df0000]
CodeCache: size=245760Kb, used=3023Kb, max_used=3043Kb, free=242734Kb
 total_blobs=1392, nmethods=942, adapters=357, full_count=0
Compilation: enabled, stopped_count=0, restarted_count=0

Compilation events (20 events):
Event: 1.607 Thread 0x000001adf248dec0  896       3       java.util.StringTokenizer::<init> (52 bytes)
Event: 1.607 Thread 0x000001adf248dec0 nmethod 896 0x000001addd47cc10 code [0x000001addd47cde0, 0x000001addd47d0d0]
Event: 1.607 Thread 0x000001adf248dec0  898       3       jdk.internal.org.objectweb.asm.MethodWriter::visitInsn (115 bytes)
Event: 1.608 Thread 0x000001adf248dec0 nmethod 898 0x000001addd47d290 code [0x000001addd47d480, 0x000001addd47d870]
Event: 1.608 Thread 0x000001adf248dec0  899       1       jdk.internal.org.objectweb.asm.SymbolTable::getConstantPoolCount (5 bytes)
Event: 1.608 Thread 0x000001adf248dec0 nmethod 899 0x000001ade4e40190 code [0x000001ade4e40320, 0x000001ade4e403e8]
Event: 1.609 Thread 0x000001adf248dec0  901       3       lombok.eclipse.agent.EclipsePatcher$1::shouldTransform (107 bytes)
Event: 1.610 Thread 0x000001adf248dec0 nmethod 901 0x000001addd47da10 code [0x000001addd47dd20, 0x000001addd47eba0]
Event: 1.611 Thread 0x000001adf248dec0  903       3       java.lang.invoke.MemberName::isCallerSensitive (8 bytes)
Event: 1.611 Thread 0x000001adf248dec0 nmethod 903 0x000001addd47f090 code [0x000001addd47f240, 0x000001addd47f408]
Event: 1.611 Thread 0x000001adf248dec0  904       3       jdk.internal.org.objectweb.asm.AnnotationWriter::computeAnnotationsSize (66 bytes)
Event: 1.611 Thread 0x000001adf248dec0 nmethod 904 0x000001addd47f510 code [0x000001addd47f700, 0x000001addd47fa00]
Event: 1.611 Thread 0x000001adf248dec0  905       3       jdk.internal.org.objectweb.asm.Attribute::putAttributes (78 bytes)
Event: 1.611 Thread 0x000001adf248dec0 nmethod 905 0x000001addd47fb90 code [0x000001addd47fe00, 0x000001addd480328]
Event: 1.612 Thread 0x000001adf248dec0  902       3       java.lang.invoke.MemberName::getType (19 bytes)
Event: 1.612 Thread 0x000001adf248dec0 nmethod 902 0x000001addd480610 code [0x000001addd4807e0, 0x000001addd480ad0]
Event: 1.620 Thread 0x000001adf248dec0  907       3       java.lang.ref.Reference::refersTo (6 bytes)
Event: 1.621 Thread 0x000001adf248dec0 nmethod 907 0x000001addd480c10 code [0x000001addd480dc0, 0x000001addd480f88]
Event: 1.621 Thread 0x000001adf248dec0  908       3       java.lang.ref.Reference::refersToImpl (6 bytes)
Event: 1.621 Thread 0x000001adf248dec0 nmethod 908 0x000001addd481010 code [0x000001addd4811c0, 0x000001addd4812f8]

GC Heap History (0 events):
No events

Dll operation events (8 events):
Event: 0.018 Loaded shared library c:\Users\rethi\.antigravity-ide\extensions\redhat.java-1.55.0-win32-x64\jre\21.0.11-win32-x86_64\bin\java.dll
Event: 0.290 Loaded shared library c:\Users\rethi\.antigravity-ide\extensions\redhat.java-1.55.0-win32-x64\jre\21.0.11-win32-x86_64\bin\zip.dll
Event: 0.443 Loaded shared library C:\Users\rethi\.antigravity-ide\extensions\redhat.java-1.55.0-win32-x64\jre\21.0.11-win32-x86_64\bin\instrument.dll
Event: 0.476 Loaded shared library C:\Users\rethi\.antigravity-ide\extensions\redhat.java-1.55.0-win32-x64\jre\21.0.11-win32-x86_64\bin\net.dll
Event: 0.480 Loaded shared library C:\Users\rethi\.antigravity-ide\extensions\redhat.java-1.55.0-win32-x64\jre\21.0.11-win32-x86_64\bin\nio.dll
Event: 0.486 Loaded shared library C:\Users\rethi\.antigravity-ide\extensions\redhat.java-1.55.0-win32-x64\jre\21.0.11-win32-x86_64\bin\zip.dll
Event: 0.533 Loaded shared library C:\Users\rethi\.antigravity-ide\extensions\redhat.java-1.55.0-win32-x64\jre\21.0.11-win32-x86_64\bin\jimage.dll
Event: 0.727 Loaded shared library c:\Users\rethi\.antigravity-ide\extensions\redhat.java-1.55.0-win32-x64\jre\21.0.11-win32-x86_64\bin\verify.dll

Deoptimization events (20 events):
Event: 1.280 Thread 0x000001add7ce9040 Uncommon trap: trap_request=0xffffffde fr.pc=0x000001ade4e2965c relative=0x000000000000013c
Event: 1.280 Thread 0x000001add7ce9040 Uncommon trap: reason=class_check action=maybe_recompile pc=0x000001ade4e2965c method=jdk.internal.misc.Unsafe.allocateUninitializedArray(Ljava/lang/Class;I)Ljava/lang/Object; @ 51 c2
Event: 1.280 Thread 0x000001add7ce9040 DEOPT PACKING pc=0x000001ade4e2965c sp=0x000000333c8fc250
Event: 1.280 Thread 0x000001add7ce9040 DEOPT UNPACKING pc=0x000001ade48a3aa2 sp=0x000000333c8fc1c8 mode 2
Event: 1.280 Thread 0x000001add7ce9040 Uncommon trap: trap_request=0xffffffde fr.pc=0x000001ade4e2965c relative=0x000000000000013c
Event: 1.280 Thread 0x000001add7ce9040 Uncommon trap: reason=class_check action=maybe_recompile pc=0x000001ade4e2965c method=jdk.internal.misc.Unsafe.allocateUninitializedArray(Ljava/lang/Class;I)Ljava/lang/Object; @ 51 c2
Event: 1.280 Thread 0x000001add7ce9040 DEOPT PACKING pc=0x000001ade4e2965c sp=0x000000333c8fc250
Event: 1.280 Thread 0x000001add7ce9040 DEOPT UNPACKING pc=0x000001ade48a3aa2 sp=0x000000333c8fc1c8 mode 2
Event: 1.280 Thread 0x000001add7ce9040 Uncommon trap: trap_request=0xffffffde fr.pc=0x000001ade4e2965c relative=0x000000000000013c
Event: 1.280 Thread 0x000001add7ce9040 Uncommon trap: reason=class_check action=maybe_recompile pc=0x000001ade4e2965c method=jdk.internal.misc.Unsafe.allocateUninitializedArray(Ljava/lang/Class;I)Ljava/lang/Object; @ 51 c2
Event: 1.280 Thread 0x000001add7ce9040 DEOPT PACKING pc=0x000001ade4e2965c sp=0x000000333c8fc290
Event: 1.280 Thread 0x000001add7ce9040 DEOPT UNPACKING pc=0x000001ade48a3aa2 sp=0x000000333c8fc208 mode 2
Event: 1.281 Thread 0x000001add7ce9040 Uncommon trap: trap_request=0xffffff45 fr.pc=0x000001ade4e12c04 relative=0x00000000000000e4
Event: 1.281 Thread 0x000001add7ce9040 Uncommon trap: reason=unstable_if action=reinterpret pc=0x000001ade4e12c04 method=java.net.URI.match(CJJ)Z @ 45 c2
Event: 1.281 Thread 0x000001add7ce9040 DEOPT PACKING pc=0x000001ade4e12c04 sp=0x000000333c8fd2c0
Event: 1.281 Thread 0x000001add7ce9040 DEOPT UNPACKING pc=0x000001ade48a3aa2 sp=0x000000333c8fd228 mode 2
Event: 1.365 Thread 0x000001add7ce9040 Uncommon trap: trap_request=0xffffff45 fr.pc=0x000001ade4e1284c relative=0x00000000000001ac
Event: 1.365 Thread 0x000001add7ce9040 Uncommon trap: reason=unstable_if action=reinterpret pc=0x000001ade4e1284c method=java.lang.StringUTF16.compress([CI[BII)I @ 20 c2
Event: 1.365 Thread 0x000001add7ce9040 DEOPT PACKING pc=0x000001ade4e1284c sp=0x000000333c8fbf50
Event: 1.365 Thread 0x000001add7ce9040 DEOPT UNPACKING pc=0x000001ade48a3aa2 sp=0x000000333c8fbec0 mode 2

Classes loaded (20 events):
Event: 1.613 Loading class java/lang/UnsatisfiedLinkError
Event: 1.613 Loading class java/lang/UnsatisfiedLinkError done
Event: 1.614 Loading class java/nio/file/AccessMode
Event: 1.614 Loading class java/nio/file/AccessMode done
Event: 1.614 Loading class sun/nio/fs/WindowsFileSystemProvider$1
Event: 1.614 Loading class sun/nio/fs/WindowsFileSystemProvider$1 done
Event: 1.614 Loading class sun/nio/fs/WindowsLinkSupport
Event: 1.614 Loading class sun/nio/fs/WindowsLinkSupport done
Event: 1.614 Loading class sun/nio/fs/WindowsAclFileAttributeView
Event: 1.618 Loading class sun/nio/fs/AbstractAclFileAttributeView
Event: 1.618 Loading class java/nio/file/attribute/AclFileAttributeView
Event: 1.618 Loading class java/nio/file/attribute/FileOwnerAttributeView
Event: 1.619 Loading class java/nio/file/attribute/FileOwnerAttributeView done
Event: 1.619 Loading class java/nio/file/attribute/AclFileAttributeView done
Event: 1.619 Loading class sun/nio/fs/AbstractAclFileAttributeView done
Event: 1.619 Loading class sun/nio/fs/WindowsAclFileAttributeView done
Event: 1.620 Loading class sun/nio/fs/WindowsSecurity
Event: 1.621 Loading class sun/nio/fs/WindowsSecurity done
Event: 1.621 Loading class sun/nio/fs/WindowsFileStore
Event: 1.622 Loading class java/nio/file/FileStore

Classes unloaded (0 events):
No events

Classes redefined (0 events):
No events

Internal exceptions (20 events):
Event: 0.588 Thread 0x000001add7ce9040 Exception <a 'java/lang/NoSuchMethodError'{0x00000000d59dec70}: 'java.lang.Object java.lang.invoke.DirectMethodHandle$Holder.invokeStatic(java.lang.Object, java.lang.Object, java.lang.Object, java.lang.Object, int)'> (0x00000000d59dec70) 
thrown [s\src\hotspot\share\interpreter\linkResolver.cpp, line 773]
Event: 0.590 Thread 0x000001add7ce9040 Exception <a 'java/lang/NoSuchMethodError'{0x00000000d59ea118}: 'void java.lang.invoke.DelegatingMethodHandle$Holder.reinvoke_L(java.lang.Object, java.lang.Object, java.lang.Object, int, java.lang.Object)'> (0x00000000d59ea118) 
thrown [s\src\hotspot\share\interpreter\linkResolver.cpp, line 773]
Event: 0.621 Thread 0x000001add7ce9040 Exception <a 'java/lang/NoSuchMethodError'{0x00000000d59faa68}: 'int java.lang.invoke.DirectMethodHandle$Holder.invokeSpecial(java.lang.Object, java.lang.Object, java.lang.Object)'> (0x00000000d59faa68) 
thrown [s\src\hotspot\share\interpreter\linkResolver.cpp, line 773]
Event: 0.631 Thread 0x000001add7ce9040 Exception <a 'java/lang/NoSuchMethodError'{0x00000000d5a06728}: 'java.lang.Object java.lang.invoke.DirectMethodHandle$Holder.invokeStatic(java.lang.Object, java.lang.Object, int)'> (0x00000000d5a06728) 
thrown [s\src\hotspot\share\interpreter\linkResolver.cpp, line 773]
Event: 0.633 Thread 0x000001add7ce9040 Exception <a 'java/lang/NoSuchMethodError'{0x00000000d5a0b078}: 'void java.lang.invoke.DirectMethodHandle$Holder.invokeStatic(java.lang.Object, java.lang.Object, int, java.lang.Object)'> (0x00000000d5a0b078) 
thrown [s\src\hotspot\share\interpreter\linkResolver.cpp, line 773]
Event: 0.634 Thread 0x000001add7ce9040 Exception <a 'java/lang/NoSuchMethodError'{0x00000000d5a0ec08}: 'void java.lang.invoke.DirectMethodHandle$Holder.invokeSpecial(java.lang.Object, java.lang.Object, java.lang.Object, int, java.lang.Object)'> (0x00000000d5a0ec08) 
thrown [s\src\hotspot\share\interpreter\linkResolver.cpp, line 773]
Event: 0.641 Thread 0x000001add7ce9040 Exception <a 'java/lang/NoSuchMethodError'{0x00000000d5a12300}: 'void java.lang.invoke.DelegatingMethodHandle$Holder.delegate(java.lang.Object, java.lang.Object, int, java.lang.Object)'> (0x00000000d5a12300) 
thrown [s\src\hotspot\share\interpreter\linkResolver.cpp, line 773]
Event: 0.789 Thread 0x000001add7ce9040 Exception <a 'java/lang/NoSuchMethodError'{0x00000000d5bd39f8}: 'void java.lang.invoke.DelegatingMethodHandle$Holder.reinvoke_L(java.lang.Object, java.lang.Object, java.lang.Object, int)'> (0x00000000d5bd39f8) 
thrown [s\src\hotspot\share\interpreter\linkResolver.cpp, line 773]
Event: 1.250 Thread 0x000001add7ce9040 Exception <a 'java/lang/NoSuchMethodError'{0x00000000d60622f0}: 'void java.lang.invoke.DirectMethodHandle$Holder.invokeVirtual(java.lang.Object, java.lang.Object)'> (0x00000000d60622f0) 
thrown [s\src\hotspot\share\interpreter\linkResolver.cpp, line 773]
Event: 1.449 Thread 0x000001add7ce9040 Exception <a 'java/lang/NoSuchMethodError'{0x00000000d644a9a0}: 'void java.lang.invoke.DirectMethodHandle$Holder.invokeStatic(java.lang.Object, java.lang.Object)'> (0x00000000d644a9a0) 
thrown [s\src\hotspot\share\interpreter\linkResolver.cpp, line 773]
Event: 1.465 Thread 0x000001add7ce9040 Exception <a 'java/lang/ClassNotFoundException'{0x00000000d6472aa8}: sun/net/www/protocol/c/Handler> (0x00000000d6472aa8) 
thrown [s\src\hotspot\share\classfile\systemDictionary.cpp, line 313]
Event: 1.506 Thread 0x000001add7ce9040 Exception <a 'java/io/FileNotFoundException'{0x00000000d64d16a8}> (0x00000000d64d16a8) 
thrown [s\src\hotspot\share\prims\jni.cpp, line 520]
Event: 1.507 Thread 0x000001add7ce9040 Exception <a 'java/io/FileNotFoundException'{0x00000000d64d2a20}> (0x00000000d64d2a20) 
thrown [s\src\hotspot\share\prims\jni.cpp, line 520]
Event: 1.507 Thread 0x000001add7ce9040 Exception <a 'java/io/FileNotFoundException'{0x00000000d64d36e8}> (0x00000000d64d36e8) 
thrown [s\src\hotspot\share\prims\jni.cpp, line 520]
Event: 1.508 Thread 0x000001add7ce9040 Exception <a 'java/io/FileNotFoundException'{0x00000000d64d4268}> (0x00000000d64d4268) 
thrown [s\src\hotspot\share\prims\jni.cpp, line 520]
Event: 1.519 Thread 0x000001add7ce9040 Exception <a 'java/io/FileNotFoundException'{0x00000000d650e448}> (0x00000000d650e448) 
thrown [s\src\hotspot\share\prims\jni.cpp, line 520]
Event: 1.538 Thread 0x000001add7ce9040 Exception <a 'java/lang/NoSuchMethodError'{0x00000000d654a4e0}: 'java.lang.Object java.lang.invoke.DirectMethodHandle$Holder.invokeInterface(java.lang.Object, java.lang.Object)'> (0x00000000d654a4e0) 
thrown [s\src\hotspot\share\interpreter\linkResolver.cpp, line 773]
Event: 1.543 Thread 0x000001add7ce9040 Exception <a 'java/lang/NoSuchMethodError'{0x00000000d655e040}: 'java.lang.Object java.lang.invoke.Invokers$Holder.invokeExact_MT(java.lang.Object, java.lang.Object, java.lang.Object, java.lang.Object, java.lang.Object, java.lang.Object)'> (0x00000000d655e040) 
thrown [s\src\hotspot\share\interpreter\linkResolver.cpp, line 773]
Event: 1.548 Thread 0x000001add7ce9040 Exception <a 'java/lang/NoSuchMethodError'{0x00000000d6575118}: 'int java.lang.invoke.DirectMethodHandle$Holder.invokeStatic(java.lang.Object, java.lang.Object, java.lang.Object, java.lang.Object, java.lang.Object)'> (0x00000000d6575118) 
thrown [s\src\hotspot\share\interpreter\linkResolver.cpp, line 773]
Event: 1.588 Thread 0x000001add7ce9040 Exception <a 'java/lang/NoSuchMethodError'{0x00000000d660b058}: 'java.lang.Object java.lang.invoke.DirectMethodHandle$Holder.invokeInterface(java.lang.Object, java.lang.Object, int)'> (0x00000000d660b058) 
thrown [s\src\hotspot\share\interpreter\linkResolver.cpp, line 773]

ZGC Phase Switch (0 events):
No events

VM Operations (10 events):
Event: 0.287 Executing non-safepoint VM operation: HandshakeAllThreads (Deoptimize)
Event: 0.287 Executing non-safepoint VM operation: HandshakeAllThreads (Deoptimize) done
Event: 0.555 Executing non-safepoint VM operation: HandshakeAllThreads (Deoptimize)
Event: 0.555 Executing non-safepoint VM operation: HandshakeAllThreads (Deoptimize) done
Event: 1.411 Executing non-safepoint VM operation: HandshakeAllThreads (Deoptimize)
Event: 1.411 Executing non-safepoint VM operation: HandshakeAllThreads (Deoptimize) done
Event: 1.411 Executing safepoint VM operation: Cleanup
Event: 1.412 Executing safepoint VM operation: Cleanup done
Event: 1.441 Executing non-safepoint VM operation: HandshakeAllThreads (Deoptimize)
Event: 1.441 Executing non-safepoint VM operation: HandshakeAllThreads (Deoptimize) done

Memory protections (0 events):
No events

Nmethod flushes (0 events):
No events

Events (11 events):
Event: 0.059 Thread 0x000001add7ce9040 Thread added: 0x000001add7ce9040
Event: 0.102 Thread 0x000001add7ce9040 Thread added: 0x000001adda1dc570
Event: 0.103 Thread 0x000001add7ce9040 Thread added: 0x000001adf0b96140
Event: 0.104 Thread 0x000001add7ce9040 Thread added: 0x000001adf0b98d20
Event: 0.104 Thread 0x000001add7ce9040 Thread added: 0x000001adf0b9b900
Event: 0.104 Thread 0x000001add7ce9040 Thread added: 0x000001adf0b9a790
Event: 0.104 Thread 0x000001add7ce9040 Thread added: 0x000001adf0b9c760
Event: 0.104 Thread 0x000001add7ce9040 Thread added: 0x000001adf0b9d4f0
Event: 0.110 Thread 0x000001add7ce9040 Thread added: 0x000001adf248dec0
Event: 0.466 Thread 0x000001add7ce9040 Thread added: 0x000001adf26badd0
Event: 1.144 Thread 0x000001add7ce9040 Thread added: 0x000001adf2733a50


Dynamic libraries:
0x00007ff73a0c0000 - 0x00007ff73a0ce000 	c:\Users\rethi\.antigravity-ide\extensions\redhat.java-1.55.0-win32-x64\jre\21.0.11-win32-x86_64\bin\java.exe
0x00007ff98f140000 - 0x00007ff98f3a6000 	C:\WINDOWS\SYSTEM32\ntdll.dll
0x00007ff98d100000 - 0x00007ff98d1c9000 	C:\WINDOWS\System32\KERNEL32.DLL
0x00007ff98c660000 - 0x00007ff98ca60000 	C:\WINDOWS\System32\KERNELBASE.dll
0x00007ff98cd10000 - 0x00007ff98ce5c000 	C:\WINDOWS\System32\ucrtbase.dll
0x00007ff908a50000 - 0x00007ff908a68000 	c:\Users\rethi\.antigravity-ide\extensions\redhat.java-1.55.0-win32-x64\jre\21.0.11-win32-x86_64\bin\jli.dll
0x00007ff98d1d0000 - 0x00007ff98d397000 	C:\WINDOWS\System32\USER32.dll
0x00007ff98c630000 - 0x00007ff98c657000 	C:\WINDOWS\System32\win32u.dll
0x00007ff903f20000 - 0x00007ff903f3e000 	c:\Users\rethi\.antigravity-ide\extensions\redhat.java-1.55.0-win32-x64\jre\21.0.11-win32-x86_64\bin\VCRUNTIME140.dll
0x00007ff98e980000 - 0x00007ff98e9ab000 	C:\WINDOWS\System32\GDI32.dll
0x00007ff974a30000 - 0x00007ff974cc2000 	C:\WINDOWS\WinSxS\amd64_microsoft.windows.common-controls_6595b64144ccf1df_6.0.26100.8737_none_3e092eaee333b772\COMCTL32.dll
0x00007ff98cbe0000 - 0x00007ff98cd09000 	C:\WINDOWS\System32\gdi32full.dll
0x00007ff98ca70000 - 0x00007ff98cb13000 	C:\WINDOWS\System32\msvcp_win.dll
0x00007ff98dcc0000 - 0x00007ff98dd69000 	C:\WINDOWS\System32\msvcrt.dll
0x00007ff98e500000 - 0x00007ff98e532000 	C:\WINDOWS\System32\IMM32.DLL
0x00007ff96f600000 - 0x00007ff96f60c000 	c:\Users\rethi\.antigravity-ide\extensions\redhat.java-1.55.0-win32-x64\jre\21.0.11-win32-x86_64\bin\vcruntime140_1.dll
0x00007ff8eabf0000 - 0x00007ff8eac7d000 	c:\Users\rethi\.antigravity-ide\extensions\redhat.java-1.55.0-win32-x64\jre\21.0.11-win32-x86_64\bin\msvcp140.dll
0x00007ff897540000 - 0x00007ff8982e2000 	c:\Users\rethi\.antigravity-ide\extensions\redhat.java-1.55.0-win32-x64\jre\21.0.11-win32-x86_64\bin\server\jvm.dll
0x00007ff98ebb0000 - 0x00007ff98ec67000 	C:\WINDOWS\System32\ADVAPI32.dll
0x00007ff98e180000 - 0x00007ff98e22a000 	C:\WINDOWS\System32\sechost.dll
0x00007ff98d3b0000 - 0x00007ff98d4c8000 	C:\WINDOWS\System32\RPCRT4.dll
0x00007ff98cf70000 - 0x00007ff98cff0000 	C:\WINDOWS\System32\WS2_32.dll
0x00007ff98c1c0000 - 0x00007ff98c21e000 	C:\WINDOWS\SYSTEM32\POWRPROF.dll
0x00007ff97c300000 - 0x00007ff97c336000 	C:\WINDOWS\SYSTEM32\WINMM.dll
0x00007ff982d20000 - 0x00007ff982d2b000 	C:\WINDOWS\SYSTEM32\VERSION.dll
0x00007ff98c1a0000 - 0x00007ff98c1b4000 	C:\WINDOWS\SYSTEM32\UMPDC.dll
0x00007ff98b000000 - 0x00007ff98b01b000 	C:\WINDOWS\SYSTEM32\kernel.appcore.dll
0x00007ff96e4b0000 - 0x00007ff96e4ba000 	c:\Users\rethi\.antigravity-ide\extensions\redhat.java-1.55.0-win32-x64\jre\21.0.11-win32-x86_64\bin\jimage.dll
0x00007ff9899b0000 - 0x00007ff989bf2000 	C:\WINDOWS\SYSTEM32\DBGHELP.DLL
0x00007ff98dd80000 - 0x00007ff98e103000 	C:\WINDOWS\System32\combase.dll
0x00007ff98e410000 - 0x00007ff98e4e9000 	C:\WINDOWS\System32\OLEAUT32.dll
0x00007ff971470000 - 0x00007ff9714ab000 	C:\WINDOWS\SYSTEM32\dbgcore.DLL
0x00007ff98c360000 - 0x00007ff98c40c000 	C:\WINDOWS\System32\bcryptPrimitives.dll
0x00007ff962770000 - 0x00007ff96277f000 	c:\Users\rethi\.antigravity-ide\extensions\redhat.java-1.55.0-win32-x64\jre\21.0.11-win32-x86_64\bin\instrument.dll
0x00007ff901de0000 - 0x00007ff901e00000 	c:\Users\rethi\.antigravity-ide\extensions\redhat.java-1.55.0-win32-x64\jre\21.0.11-win32-x86_64\bin\java.dll
0x00007ff98d500000 - 0x00007ff98dc92000 	C:\WINDOWS\System32\SHELL32.dll
0x00007ff989de0000 - 0x00007ff98a672000 	C:\WINDOWS\SYSTEM32\windows.storage.dll
0x00007ff98d000000 - 0x00007ff98d0f7000 	C:\WINDOWS\System32\SHCORE.dll
0x00007ff98e230000 - 0x00007ff98e297000 	C:\WINDOWS\System32\shlwapi.dll
0x00007ff98c280000 - 0x00007ff98c2a9000 	C:\WINDOWS\SYSTEM32\profapi.dll
0x00007ff901730000 - 0x00007ff901748000 	c:\Users\rethi\.antigravity-ide\extensions\redhat.java-1.55.0-win32-x64\jre\21.0.11-win32-x86_64\bin\zip.dll
0x00007ff95edd0000 - 0x00007ff95ede0000 	C:\Users\rethi\.antigravity-ide\extensions\redhat.java-1.55.0-win32-x64\jre\21.0.11-win32-x86_64\bin\net.dll
0x00007ff983f90000 - 0x00007ff9840b9000 	C:\WINDOWS\SYSTEM32\WINHTTP.dll
0x00007ff98b5a0000 - 0x00007ff98b60c000 	C:\WINDOWS\system32\mswsock.dll
0x00007ff900a60000 - 0x00007ff900a76000 	C:\Users\rethi\.antigravity-ide\extensions\redhat.java-1.55.0-win32-x64\jre\21.0.11-win32-x86_64\bin\nio.dll
0x00007ff94f3f0000 - 0x00007ff94f400000 	c:\Users\rethi\.antigravity-ide\extensions\redhat.java-1.55.0-win32-x64\jre\21.0.11-win32-x86_64\bin\verify.dll

JVMTI agents:
c:\Users\rethi\.antigravity-ide\extensions\redhat.java-1.55.0-win32-x64\lombok\lombok-1.18.39-4050.jar path:c:\Users\rethi\.antigravity-ide\extensions\redhat.java-1.55.0-win32-x64\jre\21.0.11-win32-x86_64\bin\instrument.dll, loaded, initialized, instrumentlib options:none

dbghelp: loaded successfully - version: 4.0.5 - missing functions: none
symbol engine: initialized successfully - sym options: 0x614 - pdb path: .;c:\Users\rethi\.antigravity-ide\extensions\redhat.java-1.55.0-win32-x64\jre\21.0.11-win32-x86_64\bin;C:\WINDOWS\SYSTEM32;C:\WINDOWS\WinSxS\amd64_microsoft.windows.common-controls_6595b64144ccf1df_6.0.26100.8737_none_3e092eaee333b772;c:\Users\rethi\.antigravity-ide\extensions\redhat.java-1.55.0-win32-x64\jre\21.0.11-win32-x86_64\bin\server

VM Arguments:
jvm_args: --add-modules=ALL-SYSTEM --add-opens=java.base/java.util=ALL-UNNAMED --add-opens=java.base/java.lang=ALL-UNNAMED --add-opens=java.base/sun.nio.fs=ALL-UNNAMED -Declipse.application=org.eclipse.jdt.ls.core.id1 -Dosgi.bundles.defaultStartLevel=4 -Declipse.product=org.eclipse.jdt.ls.core.product -Djava.import.generatesMetadataFilesAtProjectRoot=false -DDetectVMInstallationsJob.disabled=true -Dfile.encoding=utf8 -XX:+UseParallelGC -XX:GCTimeRatio=4 -XX:AdaptiveSizePolicyWeight=90 -Dsun.zip.disableMemoryMapping=true -Xmx2G -Xms100m -Xlog:disable -javaagent:c:\Users\rethi\.antigravity-ide\extensions\redhat.java-1.55.0-win32-x64\lombok\lombok-1.18.39-4050.jar -XX:+HeapDumpOnOutOfMemoryError -XX:HeapDumpPath=c:\Users\rethi\AppData\Roaming\Antigravity IDE\User\workspaceStorage\9c4cbdeb37989bed76c84f7935a2b185\redhat.java -Daether.dependencyCollector.impl=bf 
java_command: c:\Users\rethi\.antigravity-ide\extensions\redhat.java-1.55.0-win32-x64\server\plugins\org.eclipse.equinox.launcher_1.7.200.v20260619-2039.jar -configuration c:\Users\rethi\AppData\Roaming\Antigravity IDE\User\globalStorage\redhat.java\1.55.0\config_win -data c:\Users\rethi\AppData\Roaming\Antigravity IDE\User\workspaceStorage\9c4cbdeb37989bed76c84f7935a2b185\redhat.java\jdt_ws --pipe=\\.\pipe\lsp-ef3e20e37ac08c018b80c3b690d224d1-sock
java_class_path (initial): c:\Users\rethi\.antigravity-ide\extensions\redhat.java-1.55.0-win32-x64\server\plugins\org.eclipse.equinox.launcher_1.7.200.v20260619-2039.jar
Launcher Type: SUN_STANDARD

[Global flags]
    uintx AdaptiveSizePolicyWeight                 = 90                                        {product} {command line}
     intx CICompilerCount                          = 4                                         {product} {ergonomic}
    uintx GCTimeRatio                              = 4                                         {product} {command line}
     bool HeapDumpOnOutOfMemoryError               = true                                   {manageable} {command line}
    ccstr HeapDumpPath                             = c:\Users\rethi\AppData\Roaming\Antigravity IDE\User\workspaceStorage\9c4cbdeb37989bed76c84f7935a2b185\redhat.java         {manageable} {command line}
   size_t InitialHeapSize                          = 104857600                                 {product} {command line}
   size_t MaxHeapSize                              = 2147483648                                {product} {command line}
   size_t MaxNewSize                               = 715653120                                 {product} {ergonomic}
   size_t MinHeapDeltaBytes                        = 524288                                    {product} {ergonomic}
   size_t MinHeapSize                              = 104857600                                 {product} {command line}
   size_t NewSize                                  = 34603008                                  {product} {ergonomic}
    uintx NonNMethodCodeHeapSize                   = 5839372                                {pd product} {ergonomic}
    uintx NonProfiledCodeHeapSize                  = 122909434                              {pd product} {ergonomic}
   size_t OldSize                                  = 70254592                                  {product} {ergonomic}
    uintx ProfiledCodeHeapSize                     = 122909434                              {pd product} {ergonomic}
    uintx ReservedCodeCacheSize                    = 251658240                              {pd product} {ergonomic}
     bool SegmentedCodeCache                       = true                                      {product} {ergonomic}
   size_t SoftMaxHeapSize                          = 2147483648                             {manageable} {ergonomic}
     bool UseCompressedOops                        = true                           {product lp64_product} {ergonomic}
     bool UseLargePagesIndividualAllocation        = false                                  {pd product} {ergonomic}
     bool UseParallelGC                            = true                                      {product} {command line}

Logging:
Log output configuration:
 #0: stdout all=off uptime,level,tags foldmultilines=false
 #1: stderr all=off uptime,level,tags foldmultilines=false

Release file:
JAVA_VERSION="21.0.11" 
MODULES="java.base java.compiler java.datatransfer java.xml java.prefs java.desktop java.instrument java.logging java.management java.security.sasl java.naming java.rmi java.management.rmi java.net.http java.scripting java.security.jgss java.transaction.xa java.sql java.sql.rowset java.xml.crypto java.se java.smartcardio jdk.accessibility jdk.internal.jvmstat jdk.attach jdk.charsets jdk.internal.opt jdk.zipfs jdk.compiler jdk.crypto.ec jdk.crypto.cryptoki jdk.crypto.mscapi jdk.dynalink jdk.internal.ed jdk.editpad jdk.hotspot.agent jdk.httpserver jdk.internal.le jdk.internal.vm.ci jdk.internal.vm.compiler jdk.internal.vm.compiler.management jdk.jartool jdk.javadoc jdk.jcmd jdk.management jdk.management.agent jdk.jconsole jdk.jdeps jdk.jdwp.agent jdk.jdi jdk.jfr jdk.jshell jdk.jsobject jdk.jstatd jdk.localedata jdk.management.jfr jdk.naming.dns jdk.naming.rmi jdk.net jdk.nio.mapmode jdk.random jdk.sctp jdk.security.auth jdk.security.jgss jdk.unsupported jdk.unsupported.desktop jdk.xml.dom" 

Environment Variables:
PATH=C:\Program Files\Common Files\Oracle\Java\javapath;C:\python\Scripts\;C:\python\;C:\Program Files (x86)\Common Files\Oracle\Java\java8path;C:\Program Files (x86)\Common Files\Oracle\Java\javapath;C:\PROGRA~2\RATIONAL\RATION~1\NUTCROOT\mksnt;C:\Windows\system32;C:\Windows;C:\Windows\System32\Wbem;C:\Windows\System32\WindowsPowerShell\v1.0\;C:\Windows\System32\OpenSSH\;C:\Program Files (x86)\NVIDIA Corporation\PhysX\Common;C:\WINDOWS\system32;C:\WINDOWS;C:\WINDOWS\System32\Wbem;C:\WINDOWS\System32\WindowsPowerShell\v1.0\;C:\WINDOWS\System32\OpenSSH\;C:\Program Files (x86)\Rational\ClearQuest;C:\ProgramData\chocolatey\bin;C:\Program Files\dotnet\;C:\Program Files\NVIDIA Corporation\NVIDIA App\NvDLISR;C:\Program Files\nodejs\;C:\Program Files\GitHub CLI\;D:\program files\bin\;C:\Users\rethi\Downloads\golden steel\Git\cmd;C:\Users\rethi\AppData\Local\Programs\Python\Launcher\;C:\Program Files\MySQL\MySQL Shell 8.4\bin\;C:\Program Files\MySQL\MySQL Shell 8.0\bin\;C:\Users\rethi\AppData\Local\Microsoft\WindowsApps;C:\Users\rethi\AppData\Local\Programs\Microsoft VS Code\bin;C:\Program Files\JetBrains\PyCharm Community Edition 2023.1\bin;;C:\Users\rethi\AppData\Roaming\Microsoft\Windows\Start Menu\Programs\Python 3.9;C:\Program Files\node.js\;C:\Program Files\MongoDB\Server\7.0\bin;C:\Users\rethi\AppData\Local\Programs\mongosh\;C:\Program Files\MySQL\MySQL Server 8.0\bin;C:\Program Files\mongosh-2.2.4-win32-x64\bin;C:\Users\rethi\AppData\Local\GitHubDesktop\bin;C:\Program Files\swipl\bin;D:\prolog\swipl\bin;C:\Users\rethi\AppData\Roaming\npm;D:\program files\Antigravity\bin;C:\Users\rethi\AppData\Local\Programs\Antigravity IDE\bin
USERNAME=Rethisha
SHELL=C:\PROGRA~2\RATIONAL\RATION~1\NUTCROOT\mksnt\sh.exe
DISPLAY=:0.0
TMPDIR=C:\Users\rethi\AppData\Local\Temp
OS=Windows_NT
PROCESSOR_IDENTIFIER=Intel64 Family 6 Model 165 Stepping 2, GenuineIntel
TMP=C:\Users\rethi\AppData\Local\Temp
TEMP=C:\Users\rethi\AppData\Local\Temp




Periodic native trim disabled

---------------  S Y S T E M  ---------------

OS:
 Windows 11 , 64 bit Build 26100 (10.0.26100.8737)
OS uptime: 0 days 3:09 hours
Hyper-V role detected

CPU: total 8 (initial active 8) (4 cores per cpu, 2 threads per core) family 6 model 165 stepping 2 microcode 0xea, cx8, cmov, fxsr, ht, mmx, 3dnowpref, sse, sse2, sse3, ssse3, sse4.1, sse4.2, popcnt, lzcnt, tsc, tscinvbit, avx, avx2, aes, erms, clmul, bmi1, bmi2, adx, fma, vzeroupper, clflush, clflushopt, hv, rdtscp, f16c
Processor Information for the first 8 processors :
  Max Mhz: 2496, Current Mhz: 2496, Mhz Limit: 2496

Memory: 4k page, system-wide physical 8023M (102M free)
TotalPageFile size 17364M (AvailPageFile size 0M)
current process WorkingSet (physical memory assigned to process): 68M, peak: 68M
current process commit charge ("private bytes"): 230M, peak: 231M

vm_info: OpenJDK 64-Bit Server VM (21.0.11+10-LTS) for windows-amd64 JRE (21.0.11+10-LTS), built on 2026-04-21T00:00:00Z by "admin" with MS VC++ 17.12 (VS2022)

END.
